<?xml version="1.0" encoding="UTF-8"?>
<!-- Generated by org.testng.reporters.JUnitXMLReporter -->
<testsuite hostname="DESKTOP-BJN8EPF" name="Multiple Test" tests="2" failures="0" timestamp="20 Oct 2024 08:27:21 GMT" time="69.959" errors="0">
  <testcase name="loginTest_TC1" time="59.35" classname="Healthcare.com.Healthcare.Core.MultipleCustomerLoginTest"/>
  <testcase name="selectDropDownValues" time="0.384" classname="Healthcare.com.Healthcare.Core.MultipleCustomerLoginTest"/>
</testsuite> <!-- Multiple Test -->
