<?xml version="1.0" encoding="UTF-8"?>
<!-- Generated by org.testng.reporters.JUnitXMLReporter -->
<testsuite hostname="DESKTOP-BJN8EPF" name="sanity Test" tests="4" failures="0" timestamp="29 Sep 2024 11:18:26 GMT" time="0.053" errors="0">
  <testcase name="check_Draft" time="0.02" classname="RunMultipleGroups.GroupTest2"/>
  <testcase name="checkPromosions" time="0.0" classname="RunMultipleGroups.GroupTest1"/>
  <testcase name="checkAccountDetailes" time="0.001" classname="RunMultipleGroups.GroupTest1"/>
  <testcase name="logout_Account" time="0.002" classname="RunMultipleGroups.GroupTest1"/>
</testsuite> <!-- sanity Test -->
