<?xml version="1.0" encoding="UTF-8"?>
<!-- Generated by org.testng.reporters.JUnitXMLReporter -->
<testsuite hostname="DESKTOP-BJN8EPF" name="Smoke Test" tests="4" failures="0" timestamp="24 Sep 2024 17:10:00 GMT" time="0.068" errors="0">
  <testcase name="Login_Account" time="0.027" classname="RunMultipleGroups.GroupTest2"/>
  <testcase name="checkMail" time="0.005" classname="RunMultipleGroups.GroupTest2"/>
  <testcase name="composeMail" time="0.002" classname="RunMultipleGroups.GroupTest1"/>
  <testcase name="deleteMail" time="0.001" classname="RunMultipleGroups.GroupTest1"/>
</testsuite> <!-- Smoke Test -->
