<?xml version="1.0" encoding="UTF-8"?>
<!-- Generated by org.testng.reporters.JUnitXMLReporter -->
<testsuite hostname="DESKTOP-BJN8EPF" name="Test" tests="1" failures="1" timestamp="29 Sep 2024 11:19:08 GMT" time="13.054" errors="0">
  <testcase name="f" time="0.751" classname="Healthcare.com.Healthcare.Core.Screenshot1">
    <failure type="java.io.FileNotFoundException" message="D:\23-8-24\Saved Projects\com.Healthcare.Core\Screensorts\Files (Access is denied)">
      <![CDATA[java.io.FileNotFoundException: D:\23-8-24\Saved Projects\com.Healthcare.Core\Screensorts\Files (Access is denied)
	at java.io.FileOutputStream.open0(Native Method)
	at java.io.FileOutputStream.open(Unknown Source)
	at java.io.FileOutputStream.<init>(Unknown Source)
	at java.io.FileOutputStream.<init>(Unknown Source)
	at org.openqa.selenium.io.FileHandler.copyFile(FileHandler.java:138)
	at org.openqa.selenium.io.FileHandler.copy(FileHandler.java:117)
	at Healthcare.com.Healthcare.Core.Screenshot1.f(Screenshot1.java:31)
... Removed 24 stack frames]]>
    </failure>
  </testcase> <!-- f -->
</testsuite> <!-- Test -->
