<?xml version="1.0" encoding="UTF-8"?>
<!-- Generated by org.testng.reporters.JUnitXMLReporter -->
<testsuite hostname="DESKTOP-JI5UJPF" name="Test in firefox" tests="1" failures="0" timestamp="25 Jul 2024 13:25:40 GMT" time="0.079" errors="0">
  <testcase name="@BeforeClass setUp" time="0.0" classname="Healthcare.com.Healthcare.Core.ParallelTesting">
    <failure type="org.testng.TestNGException" message="
Method setUp requires 1 parameters but 0 were supplied in the @Configuration annotation.">
      <![CDATA[org.testng.TestNGException: 
Method setUp requires 1 parameters but 0 were supplied in the @Configuration annotation.
	at java.util.concurrent.FutureTask.run(Unknown Source)
	at java.util.concurrent.ThreadPoolExecutor.runWorker(Unknown Source)
	at java.util.concurrent.ThreadPoolExecutor$Worker.run(Unknown Source)
	at java.lang.Thread.run(Unknown Source)
... Removed 14 stack frames]]>
    </failure>
  </testcase> <!-- @BeforeClass setUp -->
  <testcase name="@AfterClass afterClass" time="0.0" classname="Healthcare.com.Healthcare.Core.ParallelTesting">
    <skipped/>
  </testcase> <!-- @AfterClass afterClass -->
  <testcase name="Verify_Title" time="0.016" classname="Healthcare.com.Healthcare.Core.ParallelTesting">
    <skipped/>
  </testcase> <!-- Verify_Title -->
</testsuite> <!-- Test in firefox -->
